<?xml version="1.0" encoding="UTF-8"?>
<testng-results ignored="0" total="1" passed="1" failed="0" skipped="0">
  <reporter-output>
    <line>
      <![CDATA[the test has been starterd]]>
    </line>
  </reporter-output>
  <suite started-at="2022-11-18T17:30:21 IST" name="Default suite" finished-at="2022-11-18T17:30:29 IST" duration-ms="8870">
    <groups>
    </groups>
    <test started-at="2022-11-18T17:30:21 IST" name="Default test" finished-at="2022-11-18T17:30:29 IST" duration-ms="8870">
      <class name="TestPackage.TestActiTimeValidLogin">
        <test-method is-config="true" signature="setUp()[pri:0, instance:TestPackage.TestActiTimeValidLogin@66498326]" started-at="2022-11-18T17:30:21 IST" name="setUp" finished-at="2022-11-18T17:30:25 IST" duration-ms="4659" status="PASS">
          <reporter-output>
          </reporter-output>
        </test-method> <!-- setUp -->
        <test-method signature="testValidLogin()[pri:0, instance:TestPackage.TestActiTimeValidLogin@66498326]" started-at="2022-11-18T17:30:25 IST" name="testValidLogin" finished-at="2022-11-18T17:30:29 IST" duration-ms="3361" status="PASS">
          <reporter-output>
            <line>
              <![CDATA[the test has been starterd]]>
            </line>
          </reporter-output>
        </test-method> <!-- testValidLogin -->
        <test-method is-config="true" signature="tearDown()[pri:0, instance:TestPackage.TestActiTimeValidLogin@66498326]" started-at="2022-11-18T17:30:29 IST" name="tearDown" finished-at="2022-11-18T17:30:29 IST" duration-ms="782" status="PASS">
          <reporter-output>
          </reporter-output>
        </test-method> <!-- tearDown -->
      </class> <!-- TestPackage.TestActiTimeValidLogin -->
    </test> <!-- Default test -->
  </suite> <!-- Default suite -->
</testng-results>
